[2021-05-25T14:53:42.687] [DEBUG] cheese - login => username:admin,password:123456
[2021-05-25T14:53:42.688] [DEBUG] cheese - admin
[2021-05-25T14:53:42.703] [DEBUG] cheese - null
[2021-05-25T14:53:42.703] [DEBUG] cheese - null
[2021-10-18T19:28:11.504] [DEBUG] cheese - login => username:zsf,password:123456789
[2021-10-18T19:28:11.508] [DEBUG] cheese - zsf
[2021-10-18T19:28:11.529] [DEBUG] cheese - { inspect: [Function: inspect] }
[2021-10-18T19:28:11.535] [DEBUG] cheese - 查询失败
[2021-10-18T19:29:20.090] [DEBUG] cheese - login => username:zsf,password:123456789
[2021-10-18T19:29:20.090] [DEBUG] cheese - zsf
[2021-10-18T19:29:20.096] [DEBUG] cheese - { inspect: [Function: inspect] }
[2021-10-18T19:29:20.097] [DEBUG] cheese - 查询失败
[2021-10-18T19:29:23.184] [DEBUG] cheese - login => username:zsf,password:123456789
[2021-10-18T19:29:23.184] [DEBUG] cheese - zsf
[2021-10-18T19:29:23.190] [DEBUG] cheese - { inspect: [Function: inspect] }
[2021-10-18T19:29:23.191] [DEBUG] cheese - 查询失败
[2021-10-18T19:30:17.775] [DEBUG] cheese - login => username:zsf,password:123456789
[2021-10-18T19:30:17.775] [DEBUG] cheese - zsf
[2021-10-18T19:30:17.778] [DEBUG] cheese - { inspect: [Function: inspect] }
[2021-10-18T19:30:17.778] [DEBUG] cheese - 查询失败
[2021-10-18T19:31:46.966] [DEBUG] cheese - login => username:zsf,password:123456789
[2021-10-18T19:31:46.967] [DEBUG] cheese - zsf
[2021-10-18T19:31:46.973] [DEBUG] cheese - { inspect: [Function: inspect] }
[2021-10-18T19:31:46.974] [DEBUG] cheese - 查询失败
[2021-10-18T19:37:03.533] [DEBUG] cheese - login => username:zsf,password:123456789
[2021-10-18T19:37:03.534] [DEBUG] cheese - zsf
[2021-10-18T19:37:03.537] [DEBUG] cheese - { inspect: [Function: inspect] }
[2021-10-18T19:37:03.537] [DEBUG] cheese - 查询失败
[2021-10-18T19:40:10.089] [DEBUG] cheese - login => username:zsf,password:123456789
[2021-10-18T19:40:10.089] [DEBUG] cheese - zsf
[2021-10-18T19:40:10.092] [DEBUG] cheese - { inspect: [Function: inspect] }
[2021-10-18T19:40:10.093] [DEBUG] cheese - 查询失败
[2021-10-18T19:40:24.837] [DEBUG] cheese - login => username:zsf,password:123456789
[2021-10-18T19:40:24.837] [DEBUG] cheese - zsf
[2021-10-18T19:40:24.841] [DEBUG] cheese - { inspect: [Function: inspect] }
[2021-10-18T19:40:24.841] [DEBUG] cheese - 查询失败
[2021-10-18T19:42:48.157] [DEBUG] cheese - login => username:admin,password:123456
[2021-10-18T19:42:48.157] [DEBUG] cheese - admin
[2021-10-18T19:42:48.163] [DEBUG] cheese - { inspect: [Function: inspect] }
[2021-10-18T19:42:48.163] [DEBUG] cheese - 查询失败
[2021-10-18T19:43:07.673] [DEBUG] cheese - login => username:admin,password:123456
[2021-10-18T19:43:07.674] [DEBUG] cheese - admin
[2021-10-18T19:43:07.677] [DEBUG] cheese - { inspect: [Function: inspect] }
[2021-10-18T19:43:07.678] [DEBUG] cheese - 查询失败
[2021-10-18T19:48:39.740] [DEBUG] cheese - login => username:admin,password:123456
[2021-10-18T19:48:39.742] [DEBUG] cheese - admin
[2021-10-18T19:48:39.756] [DEBUG] cheese - null
[2021-10-18T19:48:39.757] [DEBUG] cheese - null
[2021-10-19T09:49:31.076] [DEBUG] cheese - login => username:zsf,password:123456789
[2021-10-19T09:49:31.077] [DEBUG] cheese - zsf
[2021-10-19T09:49:31.091] [DEBUG] cheese - null
[2021-10-19T09:49:31.091] [DEBUG] cheese - null
[2021-10-19T09:49:41.101] [DEBUG] cheese - login => username:admin,password:123456
[2021-10-19T09:49:41.101] [DEBUG] cheese - admin
[2021-10-19T09:49:41.105] [DEBUG] cheese - null
[2021-10-19T09:49:41.105] [DEBUG] cheese - null
[2021-10-19T09:55:54.657] [DEBUG] cheese - login => username:admin,password:123456
[2021-10-19T09:55:54.658] [DEBUG] cheese - admin
[2021-10-19T09:55:54.661] [DEBUG] cheese - null
[2021-10-19T09:55:54.661] [DEBUG] cheese - null
[2021-10-19T09:55:58.935] [DEBUG] cheese - login => username:admin,password:123456
[2021-10-19T09:55:58.935] [DEBUG] cheese - admin
[2021-10-19T09:55:58.939] [DEBUG] cheese - null
[2021-10-19T09:55:58.939] [DEBUG] cheese - null
[2021-10-19T09:58:34.597] [DEBUG] cheese - login => username:admin,password:123456
[2021-10-19T09:58:34.598] [DEBUG] cheese - admin
[2021-10-19T09:58:34.601] [DEBUG] cheese - null
[2021-10-19T09:58:34.601] [DEBUG] cheese - null
[2021-10-19T09:59:20.570] [DEBUG] cheese - login => username:admin,password:123456
[2021-10-19T09:59:20.571] [DEBUG] cheese - admin
[2021-10-19T09:59:20.573] [DEBUG] cheese - null
[2021-10-19T09:59:20.574] [DEBUG] cheese - null
[2021-10-19T09:59:50.327] [DEBUG] cheese - login => username:admin,password:123456
[2021-10-19T09:59:50.327] [DEBUG] cheese - admin
[2021-10-19T09:59:50.330] [DEBUG] cheese - null
[2021-10-19T09:59:50.330] [DEBUG] cheese - null
[2021-10-19T10:01:35.606] [DEBUG] cheese - login => username:admin,password:123456
[2021-10-19T10:01:35.606] [DEBUG] cheese - admin
[2021-10-19T10:01:35.609] [DEBUG] cheese - null
[2021-10-19T10:01:35.609] [DEBUG] cheese - null
[2021-10-19T10:01:51.947] [DEBUG] cheese - login => username:admin,password:123456
[2021-10-19T10:01:51.948] [DEBUG] cheese - admin
[2021-10-19T10:01:51.950] [DEBUG] cheese - null
[2021-10-19T10:01:51.950] [DEBUG] cheese - null
[2021-10-19T10:02:10.415] [DEBUG] cheese - login => username:admin,password:123456
[2021-10-19T10:02:10.415] [DEBUG] cheese - admin
[2021-10-19T10:02:10.418] [DEBUG] cheese - null
[2021-10-19T10:02:10.418] [DEBUG] cheese - null
[2021-10-19T10:02:48.282] [DEBUG] cheese - login => username:admin,password:123456
[2021-10-19T10:02:48.283] [DEBUG] cheese - admin
[2021-10-19T10:02:48.285] [DEBUG] cheese - null
[2021-10-19T10:02:48.285] [DEBUG] cheese - null
[2021-10-19T10:03:26.716] [DEBUG] cheese - login => username:admin,password:123456
[2021-10-19T10:03:26.716] [DEBUG] cheese - admin
[2021-10-19T10:03:26.718] [DEBUG] cheese - null
[2021-10-19T10:03:26.718] [DEBUG] cheese - null
[2021-10-19T10:06:02.034] [DEBUG] cheese - login => username:admin,password:123456
[2021-10-19T10:06:02.035] [DEBUG] cheese - admin
[2021-10-19T10:06:02.038] [DEBUG] cheese - null
[2021-10-19T10:06:02.038] [DEBUG] cheese - null
[2021-10-19T10:15:50.685] [DEBUG] cheese - login => username:admin,password:123456
[2021-10-19T10:15:50.685] [DEBUG] cheese - admin
[2021-10-19T10:15:50.688] [DEBUG] cheese - null
[2021-10-19T10:15:50.689] [DEBUG] cheese - null
[2021-10-19T11:04:13.758] [DEBUG] cheese - login => username:admin,password:123456
[2021-10-19T11:04:13.759] [DEBUG] cheese - admin
[2021-10-19T11:04:13.763] [DEBUG] cheese - null
[2021-10-19T11:04:13.763] [DEBUG] cheese - null
[2021-10-20T08:22:14.283] [DEBUG] cheese - login => username:admin,password:123456
[2021-10-20T08:22:14.288] [DEBUG] cheese - admin
[2021-10-20T08:22:14.351] [DEBUG] cheese - null
[2021-10-20T08:22:14.353] [DEBUG] cheese - null
[2021-10-20T08:49:27.082] [DEBUG] cheese - login => username:admin,password:123456
[2021-10-20T08:49:27.082] [DEBUG] cheese - admin
[2021-10-20T08:49:27.093] [DEBUG] cheese - null
[2021-10-20T08:49:27.093] [DEBUG] cheese - null
[2021-10-20T08:54:01.530] [DEBUG] cheese - login => username:admin,password:123456
[2021-10-20T08:54:01.532] [DEBUG] cheese - admin
[2021-10-20T08:54:01.537] [DEBUG] cheese - null
[2021-10-20T08:54:01.538] [DEBUG] cheese - null
[2021-10-20T09:01:21.156] [DEBUG] cheese - login => username:admin,password:123456
[2021-10-20T09:01:21.156] [DEBUG] cheese - admin
[2021-10-20T09:01:21.161] [DEBUG] cheese - null
[2021-10-20T09:01:21.161] [DEBUG] cheese - null
[2021-10-20T09:01:35.412] [DEBUG] cheese - login => username:admin,password:123456
[2021-10-20T09:01:35.412] [DEBUG] cheese - admin
[2021-10-20T09:01:35.415] [DEBUG] cheese - null
[2021-10-20T09:01:35.415] [DEBUG] cheese - null
[2021-10-20T09:18:49.052] [DEBUG] cheese - login => username:admin,password:123456
[2021-10-20T09:18:49.052] [DEBUG] cheese - admin
[2021-10-20T09:18:49.056] [DEBUG] cheese - null
[2021-10-20T09:18:49.056] [DEBUG] cheese - null
[2021-10-20T15:09:55.456] [DEBUG] cheese - login => username:admin,password:123456
[2021-10-20T15:09:55.459] [DEBUG] cheese - admin
[2021-10-20T15:09:57.102] [DEBUG] cheese - null
[2021-10-20T15:09:57.103] [DEBUG] cheese - null
[2021-10-20T15:11:20.804] [DEBUG] cheese - login => username:admin,password:123456
[2021-10-20T15:11:20.804] [DEBUG] cheese - admin
[2021-10-20T15:11:20.808] [DEBUG] cheese - null
[2021-10-20T15:11:20.808] [DEBUG] cheese - null
[2021-10-20T15:52:42.987] [DEBUG] cheese - login => username:admin,password:123456
[2021-10-20T15:52:42.987] [DEBUG] cheese - admin
[2021-10-20T15:52:42.993] [DEBUG] cheese - null
[2021-10-20T15:52:42.993] [DEBUG] cheese - null
[2021-10-20T15:54:24.874] [DEBUG] cheese - login => username:admin,password:123456
[2021-10-20T15:54:24.875] [DEBUG] cheese - admin
[2021-10-20T15:54:24.881] [DEBUG] cheese - null
[2021-10-20T15:54:24.881] [DEBUG] cheese - null
[2021-10-20T17:40:25.839] [DEBUG] cheese - login => username:admin,password:123456
[2021-10-20T17:40:25.840] [DEBUG] cheese - admin
[2021-10-20T17:40:25.849] [DEBUG] cheese - null
[2021-10-20T17:40:25.849] [DEBUG] cheese - null
[2021-10-20T17:41:14.014] [DEBUG] cheese - login => username:admin,password:123456
[2021-10-20T17:41:14.014] [DEBUG] cheese - admin
[2021-10-20T17:41:14.017] [DEBUG] cheese - null
[2021-10-20T17:41:14.017] [DEBUG] cheese - null
[2021-10-20T17:43:18.654] [DEBUG] cheese - login => username:admin,password:123456
[2021-10-20T17:43:18.654] [DEBUG] cheese - admin
[2021-10-20T17:43:18.657] [DEBUG] cheese - null
[2021-10-20T17:43:18.657] [DEBUG] cheese - null
[2021-10-20T18:35:29.102] [DEBUG] cheese - login => username:admin,password:123456
[2021-10-20T18:35:29.102] [DEBUG] cheese - admin
[2021-10-20T18:35:29.106] [DEBUG] cheese - null
[2021-10-20T18:35:29.106] [DEBUG] cheese - null
[2021-10-20T18:48:25.438] [DEBUG] cheese - login => username:admin,password:123456
[2021-10-20T18:48:25.439] [DEBUG] cheese - admin
[2021-10-20T18:48:25.441] [DEBUG] cheese - null
[2021-10-20T18:48:25.441] [DEBUG] cheese - null
[2021-10-21T15:57:32.931] [DEBUG] cheese - login => username:admin,password:123456
[2021-10-21T15:57:32.936] [DEBUG] cheese - admin
[2021-10-21T15:57:32.959] [DEBUG] cheese - null
[2021-10-21T15:57:32.959] [DEBUG] cheese - null
[2021-10-22T09:02:45.431] [DEBUG] cheese - login => username:admin,password:123456
[2021-10-22T09:02:45.435] [DEBUG] cheese - admin
[2021-10-22T09:02:45.449] [DEBUG] cheese - null
[2021-10-22T09:02:45.449] [DEBUG] cheese - null
[2021-10-25T16:53:34.966] [DEBUG] cheese - login => username:admin,password:123456
[2021-10-25T16:53:34.974] [DEBUG] cheese - admin
[2021-10-25T16:53:35.245] [DEBUG] cheese - null
[2021-10-25T16:53:35.245] [DEBUG] cheese - null
[2021-10-29T17:49:21.155] [DEBUG] cheese - login => username:admin,password:123456
[2021-10-29T17:49:21.160] [DEBUG] cheese - admin
[2021-10-29T17:49:21.321] [DEBUG] cheese - null
[2021-10-29T17:49:21.322] [DEBUG] cheese - null
[2021-10-29T20:08:09.227] [DEBUG] cheese - login => username:admin,password:123456
[2021-10-29T20:08:09.231] [DEBUG] cheese - admin
[2021-10-29T20:08:09.407] [DEBUG] cheese - null
[2021-10-29T20:08:09.408] [DEBUG] cheese - null
[2021-10-29T20:08:32.091] [DEBUG] cheese - login => username:admin,password:123456
[2021-10-29T20:08:32.091] [DEBUG] cheese - admin
[2021-10-29T20:08:32.095] [DEBUG] cheese - null
[2021-10-29T20:08:32.095] [DEBUG] cheese - null
[2021-10-29T20:17:17.018] [DEBUG] cheese - login => username:admin,password:123456
[2021-10-29T20:17:17.020] [DEBUG] cheese - admin
[2021-10-29T20:17:17.036] [DEBUG] cheese - null
[2021-10-29T20:17:17.037] [DEBUG] cheese - null
[2021-10-30T13:32:17.779] [DEBUG] cheese - login => username:admin,password:123456
[2021-10-30T13:32:17.782] [DEBUG] cheese - admin
[2021-10-30T13:32:17.794] [DEBUG] cheese - null
[2021-10-30T13:32:17.794] [DEBUG] cheese - null
[2021-10-30T14:14:25.245] [DEBUG] cheese - login => username:admin,password:123456
[2021-10-30T14:14:25.247] [DEBUG] cheese - admin
[2021-10-30T14:14:25.262] [DEBUG] cheese - null
[2021-10-30T14:14:25.263] [DEBUG] cheese - null
[2021-11-19T19:20:38.990] [DEBUG] cheese - login => username:admin,password:123456
[2021-11-19T19:20:38.996] [DEBUG] cheese - admin
[2021-11-19T19:20:40.253] [DEBUG] cheese - null
[2021-11-19T19:20:40.254] [DEBUG] cheese - null
